SF:src/StableHashTraits.jl
DA:21,176
DA:22,176
DA:25,176
DA:51,2592
DA:52,1291
DA:81,2670
DA:84,6313
DA:88,6028
DA:89,6028
DA:90,6019
DA:91,267
DA:93,9
DA:94,9
DA:96,0
DA:99,9
DA:100,9
DA:103,0
DA:139,11439
DA:156,860
DA:157,860
DA:158,528
DA:165,9664
DA:166,31606
DA:167,9662
DA:168,9662
DA:170,836
DA:176,431
DA:177,431
DA:178,264
DA:182,26756
DA:186,431
DA:187,431
DA:188,431
DA:190,4915
DA:191,8032
DA:192,4914
DA:193,4914
DA:195,419
DA:205,1584
DA:211,1584
DA:212,1584
DA:213,792
DA:214,792
DA:216,0
DA:217,7554
DA:218,7554
DA:219,15108
DA:220,7554
DA:223,13617
DA:225,13617
DA:226,0
DA:227,13617
DA:231,7554
DA:232,15108
DA:233,7554
DA:234,7554
DA:237,774
DA:238,774
DA:239,774
DA:241,774
DA:243,774
DA:251,28818
DA:253,3780
DA:254,7560
DA:256,0
DA:257,3774
DA:258,6789
DA:260,774
DA:270,15926
DA:286,14593
DA:287,14593
DA:289,8485
DA:290,8485
DA:291,8500
DA:292,8485
DA:297,6063
DA:299,6078
DA:302,6063
DA:303,6093
DA:304,6063
DA:305,6063
DA:313,13733
DA:316,2499
DA:317,6727
DA:320,1807
DA:323,897
DA:324,1317
DA:326,8044
DA:327,8044
DA:328,8035
DA:329,8035
DA:330,9
DA:331,9
DA:335,9
DA:338,8026
DA:348,1332
DA:350,3648
DA:351,81
DA:352,1455
DA:354,1377
DA:356,0
DA:357,37
DA:358,1451
DA:359,1451
DA:360,1451
DA:364,1377
DA:365,74
DA:371,228
DA:372,0
DA:373,228
DA:375,2289
DA:376,2288
DA:377,2288
DA:381,360
DA:382,1065
DA:385,1928
DA:386,5514
DA:391,6575
DA:392,6599
DA:393,20483
DA:394,14579
DA:395,20477
DA:396,14576
DA:397,20832
DA:398,6572
DA:401,3780
DA:402,7560
DA:403,3828
DA:404,11382
DA:405,10602
DA:406,11949
DA:407,6789
DA:408,3774
DA:416,930
DA:418,503
DA:419,380
DA:420,380
DA:423,1389
DA:424,1389
DA:425,930
DA:427,124
DA:428,282
DA:429,261
DA:430,72
DA:431,0
DA:432,252
DA:433,20
DA:436,928
DA:438,928
DA:439,928
DA:441,498
DA:444,498
DA:445,498
DA:446,249
DA:447,471
DA:448,471
DA:449,387
DA:452,123
DA:456,249
DA:457,471
DA:458,504
DA:462,430
DA:463,858
DA:464,830
DA:473,4238
DA:474,38
DA:475,0
DA:476,3951
DA:477,249
DA:478,3915
DA:479,3915
DA:482,3915
DA:484,0
DA:485,0
DA:488,0
DA:491,117
DA:492,117
DA:493,117
DA:496,31
DA:497,31
DA:498,31
DA:499,57
DA:500,57
DA:502,0
DA:504,57
DA:505,31
DA:507,31
DA:521,102
DA:522,0
DA:523,54
DA:524,3522
DA:525,76
DA:526,82
DA:527,63
DA:528,63
DA:540,1719
DA:548,0
DA:549,996
DA:550,31
DA:551,31
DA:554,4238
DA:558,4238
DA:559,4238
DA:560,4238
DA:562,4238
DA:563,4238
DA:564,16
DA:566,4222
DA:574,5337
DA:575,2337
DA:576,1872
DA:578,2526
DA:579,2526
DA:580,666
DA:582,1860
DA:586,2526
DA:587,2526
DA:588,1377
DA:589,1353
DA:591,39
DA:592,39
DA:593,78
DA:597,1149
DA:598,2433
DA:603,5951
DA:604,5951
DA:605,12369
DA:642,2
DA:645,9
DA:646,9
DA:702,7
DA:703,7
DA:705,7
DA:720,36
DA:721,332
DA:727,6286
DA:728,2546
DA:730,6286
DA:739,6304
DA:740,6304
DA:741,6019
DA:742,5684
DA:743,1488
DA:747,335
DA:749,113
DA:750,1710
DA:751,1395
DA:753,1128
DA:755,261
DA:756,27
DA:757,27
DA:759,569
DA:760,569
DA:762,2670
DA:763,2670
DA:766,704
DA:767,234
DA:768,90
DA:769,90
DA:773,816
DA:774,821
DA:775,27
DA:776,27
DA:778,54
DA:779,54
DA:781,23
DA:782,23
DA:784,42
DA:785,42
DA:787,29
DA:788,29
DA:803,112
DA:805,56
DA:806,2296
DA:807,2231
DA:808,2271
DA:809,47
DA:812,2184
DA:827,180
DA:829,18
DA:830,621
DA:831,72
DA:832,72
DA:834,114
DA:835,114
LH:270
LF:285
end_of_record
