SF:src/StableHashTraits.jl
DA:1,14
LH:1
LF:1
end_of_record
SF:src/StableNames.jl
DA:23,5283
DA:27,5283
DA:29,5283
DA:33,5283
DA:34,5283
DA:48,5283
DA:49,5283
DA:58,10554
DA:59,5280
DA:80,1058
DA:98,156
DA:100,23
DA:101,23
DA:102,46
DA:103,23
DA:106,1862
DA:107,1862
DA:108,214
DA:109,1648
DA:110,44
DA:111,1604
DA:112,83
DA:113,1521
DA:114,33
DA:115,1488
DA:116,50
DA:117,1438
DA:118,133
DA:120,1305
DA:125,8
DA:130,52
DA:131,52
DA:132,52
DA:136,101
DA:137,8
DA:140,44
DA:152,76
DA:153,76
DA:154,76
DA:156,62
DA:157,20
DA:158,42
DA:159,16
DA:160,26
DA:161,26
DA:163,0
DA:167,0
DA:168,69
DA:169,69
DA:170,77
DA:171,61
DA:173,49
DA:174,49
DA:175,49
DA:176,124
DA:182,88
DA:183,88
DA:185,14
DA:186,14
DA:187,42
DA:188,14
DA:189,14
DA:190,14
DA:199,28
DA:200,20
DA:201,20
DA:202,14
DA:203,6
DA:204,6
DA:205,6
DA:206,0
DA:207,0
DA:209,0
DA:225,5286
DA:226,5286
DA:227,15
DA:229,5271
DA:232,0
LH:72
LF:78
end_of_record
SF:src/caching_context.jl
DA:18,982
DA:20,982
DA:23,3
DA:24,8875
DA:26,199094
DA:27,199094
DA:37,30
DA:39,30
DA:40,3
DA:41,3
DA:44,6
DA:46,196620
DA:62,204112
DA:63,204112
DA:64,33
DA:65,6
DA:66,6
DA:67,6
DA:69,33
DA:71,204088
DA:76,698
DA:77,698
DA:86,0
DA:87,0
DA:88,0
DA:90,698
DA:91,698
DA:92,545
DA:93,545
DA:94,545
DA:95,542
DA:96,542
DA:98,542
DA:100,542
DA:102,695
DA:106,545
DA:108,0
DA:109,3308
DA:110,53
DA:112,182
DA:113,366
LH:37
LF:41
end_of_record
SF:src/deprecated.jl
DA:89,4081
DA:90,4072
DA:91,174
DA:94,306
DA:97,4267
DA:98,4081
DA:100,9
DA:101,9
DA:103,0
DA:106,6
DA:107,6
DA:110,0
DA:121,11148
DA:137,212919
DA:138,212919
DA:141,11126
DA:142,11126
DA:143,10945
DA:149,1726
DA:150,1725
DA:151,1725
DA:152,4861
DA:156,8290
DA:157,8290
DA:158,6137
DA:161,6137
DA:162,6158
DA:163,18710
DA:164,13112
DA:165,18762
DA:166,13109
DA:167,18727
DA:168,6134
DA:171,2153
DA:172,2153
DA:173,2174
DA:174,6744
DA:175,5906
DA:176,6808
DA:177,2150
DA:178,2150
DA:186,705
DA:188,473
DA:189,290
DA:190,1071
DA:191,1071
DA:192,705
DA:194,206
DA:195,212
DA:196,212
DA:197,36
DA:198,0
DA:200,703
DA:201,703
DA:202,703
DA:204,285
DA:207,285
DA:208,285
DA:209,528
DA:210,594
DA:213,418
DA:214,789
DA:215,761
DA:224,9
DA:225,276
DA:226,0
DA:227,27
DA:230,5
DA:231,66
DA:234,3635
DA:235,3635
DA:238,3635
DA:240,1
DA:241,1
DA:244,1
DA:247,1
DA:248,62
DA:249,110
DA:251,111
DA:252,111
DA:254,111
DA:257,36
DA:258,36
DA:259,36
DA:260,62
DA:261,81
DA:262,36
DA:264,36
DA:299,24
DA:300,27
DA:301,1940
DA:302,71
DA:303,71
DA:304,66
DA:305,66
DA:330,976
DA:338,0
DA:339,285
DA:340,36
DA:341,36
DA:349,5433
DA:352,2050
DA:353,5427
DA:356,1153
DA:359,792
DA:360,1134
DA:362,2
DA:363,2
DA:365,1
DA:368,19
DA:369,38
DA:370,18
DA:372,1
DA:376,6558
DA:378,6561
DA:379,6552
DA:380,6552
DA:381,6
DA:382,6
DA:386,6
DA:389,6546
DA:396,5862
DA:397,5862
DA:398,12153
DA:435,6
DA:438,6
DA:439,6
DA:472,36
DA:473,1633
DA:479,4814
DA:480,11963
DA:485,4246
DA:494,4258
DA:495,4258
DA:496,4072
DA:499,260
DA:501,149
DA:502,186
DA:503,1245
DA:505,673
DA:507,210
DA:508,18
DA:509,18
DA:511,381
DA:512,381
DA:514,2466
DA:515,2466
DA:518,665
DA:519,141
DA:520,48
DA:521,48
DA:524,561
DA:525,728
DA:526,36
DA:527,36
DA:529,27
DA:530,27
DA:532,50
DA:533,50
DA:535,48
DA:536,48
DA:538,20
DA:539,20
DA:541,12
DA:542,12
DA:544,15
DA:545,15
DA:547,12
DA:548,15
LH:164
LF:169
end_of_record
SF:src/hash_algorithms.jl
DA:18,7453
DA:19,7453
DA:20,7453
DA:21,7453
DA:79,960
DA:80,960
DA:81,618
DA:88,8954
DA:89,8076
DA:90,8076
DA:91,8076
DA:93,8952
DA:94,8952
DA:95,8952
DA:97,2282
DA:98,0
DA:99,1354
DA:100,0
DA:106,467
DA:107,467
DA:108,309
DA:112,13298
DA:116,467
DA:117,467
DA:118,467
DA:120,4158
DA:121,8000
DA:122,8000
DA:124,4157
DA:125,4157
DA:127,1124
DA:128,0
DA:129,673
DA:130,0
DA:137,1479
DA:147,2406
DA:148,2406
DA:149,1479
DA:150,1479
DA:151,1479
DA:154,0
DA:157,412396
DA:159,412396
DA:160,1501
DA:164,2982
DA:167,1501
DA:168,1501
DA:169,1501
DA:171,206930
DA:174,7704
DA:175,7704
DA:176,7704
DA:179,7701
DA:180,7701
DA:181,7701
DA:184,205466
DA:187,205466
DA:188,205466
DA:189,205466
DA:192,1464
DA:193,1464
DA:195,1464
DA:198,1950
DA:200,1464
DA:202,0
DA:203,548
DA:204,548
LH:61
LF:67
end_of_record
SF:src/hash_traits.jl
DA:5,78
DA:6,205972
DA:7,205274
DA:10,826
DA:11,826
DA:12,823
DA:13,776
DA:15,820
DA:16,820
DA:17,95
DA:19,820
DA:23,203990
DA:24,203990
DA:25,203990
DA:43,651
DA:44,1249
DA:47,1903
DA:48,15
DA:59,1794
DA:60,1794
DA:62,568
DA:63,487
DA:104,2802
DA:105,2802
DA:107,1311
DA:108,1311
DA:110,593
DA:112,71
DA:113,4930
DA:114,5283
DA:116,5280
DA:117,5280
DA:118,11
DA:121,5269
DA:128,698
DA:129,698
DA:132,698
DA:134,3490
DA:136,45
DA:137,45
DA:139,752
DA:140,1477
DA:153,0
DA:154,0
DA:156,0
DA:157,725
DA:158,716
DA:159,9
DA:161,27
DA:162,698
DA:163,698
DA:164,698
DA:165,698
DA:166,698
DA:169,0
DA:171,0
DA:180,75
DA:181,75
DA:184,51
DA:185,51
DA:187,0
DA:188,0
DA:191,51
DA:192,51
DA:193,21
DA:195,30
DA:203,159
DA:204,552
DA:205,77
DA:208,342
DA:209,342
DA:210,168
DA:211,513
DA:213,174
DA:217,438
DA:218,438
DA:221,438
DA:223,537
DA:224,438
DA:225,438
DA:228,3216
DA:229,3216
DA:230,6008
DA:232,8234
DA:233,6416
DA:235,8043
DA:237,191
DA:239,8716
DA:240,3216
DA:247,232
DA:248,9
DA:249,48
DA:250,0
DA:251,2244
DA:253,9
DA:254,9
DA:258,257
DA:259,257
DA:261,248
DA:262,9
DA:264,24
DA:265,39
DA:267,6
DA:268,6
DA:273,0
DA:274,0
DA:275,0
DA:278,217
DA:279,217
DA:280,0
DA:282,434
DA:286,241
DA:287,241
DA:289,247
DA:290,241
DA:291,241
DA:293,241
DA:294,241
DA:297,277
DA:299,277
DA:302,271
DA:303,198173
DA:304,198254
DA:306,27
DA:307,144
DA:308,144
DA:310,277
DA:317,3
DA:318,3
DA:319,3
DA:320,9
DA:322,0
DA:326,35
DA:327,35
DA:330,2778
DA:331,2778
DA:332,4323
DA:333,2778
DA:334,2778
DA:341,36
DA:343,0
DA:344,0
DA:346,72
DA:347,72
DA:350,36
DA:351,204
DA:354,36
DA:355,36
DA:356,36
DA:358,36
DA:359,0
DA:361,36
DA:363,36
DA:364,36
DA:366,36
DA:367,36
DA:376,0
DA:377,0
DA:384,12
DA:385,429
DA:386,429
DA:389,2058
DA:390,2058
DA:391,2058
DA:392,2058
DA:395,198947
DA:397,198947
DA:398,198947
DA:401,15
DA:402,24
DA:406,21
DA:407,812
DA:410,0
DA:411,0
LH:154
LF:174
end_of_record
SF:src/public_interface.jl
DA:12,60
DA:13,60
DA:17,60
DA:52,70
DA:53,2854
DA:54,1427
DA:55,962
DA:58,491
DA:60,485
DA:78,9
DA:79,9
DA:81,9
DA:104,24972
DA:106,8351
DA:118,5959
DA:119,1418
DA:120,206053
DA:129,9738
DA:130,5917
DA:131,5884
DA:143,0
DA:169,232
DA:171,0
DA:172,232
DA:173,464
DA:176,0
DA:177,0
DA:180,0
LH:23
LF:28
end_of_record
SF:src/special_contexts.jl
DA:13,12
DA:14,12
DA:16,12
DA:19,126
DA:20,12
DA:35,56
DA:37,2
DA:38,2890
DA:39,1343
DA:40,1343
DA:44,32
DA:48,1311
DA:51,18
DA:52,18
DA:53,15
DA:55,3
DA:59,558
DA:60,558
DA:61,543
DA:81,90
DA:82,90
DA:84,90
DA:87,0
DA:88,1215
DA:92,48
DA:93,48
DA:96,60
DA:97,60
LH:27
LF:28
end_of_record
